[www.packhack.us/index.html]
[www.packhack.us/gdpr/gdprscriptbc1b.js]
[www.packhack.us/gdpr/gdprscripte469.js]
[backblue.gif]
[fade.gif]
[index.html]
[www.packhack.us/files/main_stylece98.css]
[www.packhack.us/about.html]
[www.packhack.us/howto.html]
[www.packhack.us/uploads/1/1/3/1/113142749/img-1768-iphone8silver-portrait_1_orig.png]
[www.packhack.us/uploads/1/1/3/1/113142749/img-1772-iphone8silver-portrait_orig.png]
[www.packhack.us/files/theme/jquery.pxuMenu4804.js]
[www.packhack.us/files/theme/plugins4804.js]
[www.packhack.us/files/theme/jquery.trend4804.js]
[www.packhack.us/files/theme/jquery.revealer4804.js]
[www.packhack.us/files/theme/jquery.loadTemplate.min4804.js]
[www.packhack.us/index.html]
[www.packhack.us/files/theme/images/quotece98.png]
[www.packhack.us/files/theme/custom4804.js]
[www.packhack.us/files/main_stylece98.css]
[www.packhack.us/files/theme/images/default-bgce98.jpg]
[www.packhack.us/gdpr/gdprscript2d4c.js]
[www.packhack.us/about.html]
[www.packhack.us/howto.html]
[www.packhack.us/_/uploads/1/1/3/1/113142749/background-images/1354912611.html]
[www.packhack.us/files/theme/images/arrowce98.svg]
[www.packhack.us/files/theme/images/arrow-lightce98.svg]
